output file:
processed_torchgeovit_small_patch16_224139.json
function:
vit_small_patch16_224
Error Cases:

Pass or Failed: 0

Related Failed Test Cases:
{'FAILED ../../../../../../local/data0/moved_data/publishablew/torchgeo/torchgeo/tests/models/test_vit.py::TestViTSmall16::test_vit_weights[ViTSmall16_Weights.LANDSAT_ETM_SR_SIMCLR]', 'FAILED ../../../../../../local/data0/moved_data/publishablew/torchgeo/torchgeo/tests/models/test_vit.py::TestViTSmall16::test_vit_weights[ViTSmall16_Weights.LANDSAT_ETM_SR_MOCO]', '../../../../../../local/data0/moved_data/publishablew/torchgeo/torchgeo/tests/models/test_vit.py::TestViTSmall16::test_vit_weights[ViTSmall16_Weights.LANDSAT_ETM_SR_MOCO] FAILED', '../../../../../../local/data0/moved_data/publishablew/torchgeo/torchgeo/tests/models/test_vit.py::TestViTSmall16::test_vit_weights[ViTSmall16_Weights.LANDSAT_ETM_TOA_SIMCLR] FAILED', '../../../../../../local/data0/moved_data/publishablew/torchgeo/torchgeo/tests/models/test_vit.py::TestViTSmall16::test_vit_weights[ViTSmall16_Weights.LANDSAT_ETM_TOA_MOCO] FAILED', '../../../../../../local/data0/moved_data/publishablew/torchgeo/torchgeo/tests/models/test_vit.py::TestViTSmall16::test_vit_weights[ViTSmall16_Weights.LANDSAT_TM_TOA_MOCO] FAILED', '../../../../../../local/data0/moved_data/publishablew/torchgeo/torchgeo/tests/models/test_vit.py::TestViTSmall16::test_vit_weights[ViTSmall16_Weights.LANDSAT_OLI_SR_MOCO] FAILED', 'FAILED ../../../../../../local/data0/moved_data/publishablew/torchgeo/torchgeo/tests/models/test_vit.py::TestViTSmall16::test_vit_weights[ViTSmall16_Weights.LANDSAT_OLI_SR_SIMCLR]', 'FAILED ../../../../../../local/data0/moved_data/publishablew/torchgeo/torchgeo/tests/models/test_vit.py::TestViTSmall16::test_vit_weights[ViTSmall16_Weights.LANDSAT_TM_TOA_MOCO]', 'FAILED ../../../../../../local/data0/moved_data/publishablew/torchgeo/torchgeo/tests/models/test_vit.py::TestViTSmall16::test_vit_weights[ViTSmall16_Weights.SENTINEL2_ALL_DINO]', 'FAILED ../../../../../../local/data0/moved_data/publishablew/torchgeo/torchgeo/tests/models/test_vit.py::TestViTSmall16::test_vit_weights[ViTSmall16_Weights.LANDSAT_OLI_TIRS_TOA_MOCO]', '../../../../../../local/data0/moved_data/publishablew/torchgeo/torchgeo/tests/models/test_vit.py::TestViTSmall16::test_vit_weights[ViTSmall16_Weights.SENTINEL2_ALL_DINO] FAILED', 'FAILED ../../../../../../local/data0/moved_data/publishablew/torchgeo/torchgeo/tests/models/test_vit.py::TestViTSmall16::test_vit_weights[ViTSmall16_Weights.SENTINEL2_ALL_MOCO]', 'FAILED ../../../../../../local/data0/moved_data/publishablew/torchgeo/torchgeo/tests/models/test_vit.py::TestViTSmall16::test_vit_weights[ViTSmall16_Weights.LANDSAT_ETM_TOA_SIMCLR]', '../../../../../../local/data0/moved_data/publishablew/torchgeo/torchgeo/tests/models/test_vit.py::TestViTSmall16::test_vit_weights[ViTSmall16_Weights.LANDSAT_OLI_TIRS_TOA_SIMCLR] FAILED', 'FAILED ../../../../../../local/data0/moved_data/publishablew/torchgeo/torchgeo/tests/models/test_vit.py::TestViTSmall16::test_vit_weights[ViTSmall16_Weights.LANDSAT_OLI_TIRS_TOA_SIMCLR]', 'FAILED ../../../../../../local/data0/moved_data/publishablew/torchgeo/torchgeo/tests/models/test_vit.py::TestViTSmall16::test_vit_weights[ViTSmall16_Weights.LANDSAT_OLI_SR_MOCO]', 'FAILED ../../../../../../local/data0/moved_data/publishablew/torchgeo/torchgeo/tests/models/test_vit.py::TestViTSmall16::test_vit_weights[ViTSmall16_Weights.LANDSAT_TM_TOA_SIMCLR]', 'FAILED ../../../../../../local/data0/moved_data/publishablew/torchgeo/torchgeo/tests/models/test_vit.py::TestViTSmall16::test_vit_weights[ViTSmall16_Weights.LANDSAT_ETM_TOA_MOCO]', '../../../../../../local/data0/moved_data/publishablew/torchgeo/torchgeo/tests/models/test_vit.py::TestViTSmall16::test_vit_weights[ViTSmall16_Weights.LANDSAT_TM_TOA_SIMCLR] FAILED', '../../../../../../local/data0/moved_data/publishablew/torchgeo/torchgeo/tests/models/test_vit.py::TestViTSmall16::test_vit_weights[ViTSmall16_Weights.LANDSAT_ETM_SR_SIMCLR] FAILED', '../../../../../../local/data0/moved_data/publishablew/torchgeo/torchgeo/tests/models/test_vit.py::TestViTSmall16::test_vit_weights[ViTSmall16_Weights.SENTINEL2_ALL_MOCO] FAILED', '../../../../../../local/data0/moved_data/publishablew/torchgeo/torchgeo/tests/models/test_vit.py::TestViTSmall16::test_vit_weights[ViTSmall16_Weights.LANDSAT_OLI_SR_SIMCLR] FAILED', '../../../../../../local/data0/moved_data/publishablew/torchgeo/torchgeo/tests/models/test_vit.py::TestViTSmall16::test_vit_weights[ViTSmall16_Weights.LANDSAT_OLI_TIRS_TOA_MOCO] FAILED'}

All Test Cases On Generated code:
============================= test session starts ==============================
platform linux -- Python 3.11.10, pytest-8.3.4, pluggy-1.5.0 -- /local/data0/moved_data/publishablew/torchgeo/torchgeo/venv/bin/python
cachedir: .pytest_cache
rootdir: /local/data0/moved_data/publishablew/torchgeo/torchgeo
configfile: pyproject.toml
plugins: hydra-core-1.3.2
collecting ... collected 49 items / 12 deselected / 37 selected

../../../../../../local/data0/moved_data/publishablew/torchgeo/torchgeo/tests/models/test_vit.py::TestViTSmall16::test_vit PASSED
../../../../../../local/data0/moved_data/publishablew/torchgeo/torchgeo/tests/models/test_vit.py::TestViTSmall16::test_vit_weights[ViTSmall16_Weights.LANDSAT_TM_TOA_MOCO] FAILED
../../../../../../local/data0/moved_data/publishablew/torchgeo/torchgeo/tests/models/test_vit.py::TestViTSmall16::test_vit_weights[ViTSmall16_Weights.LANDSAT_TM_TOA_SIMCLR] FAILED
../../../../../../local/data0/moved_data/publishablew/torchgeo/torchgeo/tests/models/test_vit.py::TestViTSmall16::test_vit_weights[ViTSmall16_Weights.LANDSAT_ETM_TOA_MOCO] FAILED
../../../../../../local/data0/moved_data/publishablew/torchgeo/torchgeo/tests/models/test_vit.py::TestViTSmall16::test_vit_weights[ViTSmall16_Weights.LANDSAT_ETM_TOA_SIMCLR] FAILED
../../../../../../local/data0/moved_data/publishablew/torchgeo/torchgeo/tests/models/test_vit.py::TestViTSmall16::test_vit_weights[ViTSmall16_Weights.LANDSAT_ETM_SR_MOCO] FAILED
../../../../../../local/data0/moved_data/publishablew/torchgeo/torchgeo/tests/models/test_vit.py::TestViTSmall16::test_vit_weights[ViTSmall16_Weights.LANDSAT_ETM_SR_SIMCLR] FAILED
../../../../../../local/data0/moved_data/publishablew/torchgeo/torchgeo/tests/models/test_vit.py::TestViTSmall16::test_vit_weights[ViTSmall16_Weights.LANDSAT_OLI_TIRS_TOA_MOCO] FAILED
../../../../../../local/data0/moved_data/publishablew/torchgeo/torchgeo/tests/models/test_vit.py::TestViTSmall16::test_vit_weights[ViTSmall16_Weights.LANDSAT_OLI_TIRS_TOA_SIMCLR] FAILED
../../../../../../local/data0/moved_data/publishablew/torchgeo/torchgeo/tests/models/test_vit.py::TestViTSmall16::test_vit_weights[ViTSmall16_Weights.LANDSAT_OLI_SR_MOCO] FAILED
../../../../../../local/data0/moved_data/publishablew/torchgeo/torchgeo/tests/models/test_vit.py::TestViTSmall16::test_vit_weights[ViTSmall16_Weights.LANDSAT_OLI_SR_SIMCLR] FAILED
../../../../../../local/data0/moved_data/publishablew/torchgeo/torchgeo/tests/models/test_vit.py::TestViTSmall16::test_vit_weights[ViTSmall16_Weights.SENTINEL2_ALL_DINO] FAILED
../../../../../../local/data0/moved_data/publishablew/torchgeo/torchgeo/tests/models/test_vit.py::TestViTSmall16::test_vit_weights[ViTSmall16_Weights.SENTINEL2_ALL_MOCO] FAILED
../../../../../../local/data0/moved_data/publishablew/torchgeo/torchgeo/tests/models/test_vit.py::TestViTSmall16::test_bands[ViTSmall16_Weights.LANDSAT_TM_TOA_MOCO] PASSED
../../../../../../local/data0/moved_data/publishablew/torchgeo/torchgeo/tests/models/test_vit.py::TestViTSmall16::test_bands[ViTSmall16_Weights.LANDSAT_TM_TOA_SIMCLR] PASSED
../../../../../../local/data0/moved_data/publishablew/torchgeo/torchgeo/tests/models/test_vit.py::TestViTSmall16::test_bands[ViTSmall16_Weights.LANDSAT_ETM_TOA_MOCO] PASSED
../../../../../../local/data0/moved_data/publishablew/torchgeo/torchgeo/tests/models/test_vit.py::TestViTSmall16::test_bands[ViTSmall16_Weights.LANDSAT_ETM_TOA_SIMCLR] PASSED
../../../../../../local/data0/moved_data/publishablew/torchgeo/torchgeo/tests/models/test_vit.py::TestViTSmall16::test_bands[ViTSmall16_Weights.LANDSAT_ETM_SR_MOCO] PASSED
../../../../../../local/data0/moved_data/publishablew/torchgeo/torchgeo/tests/models/test_vit.py::TestViTSmall16::test_bands[ViTSmall16_Weights.LANDSAT_ETM_SR_SIMCLR] PASSED
../../../../../../local/data0/moved_data/publishablew/torchgeo/torchgeo/tests/models/test_vit.py::TestViTSmall16::test_bands[ViTSmall16_Weights.LANDSAT_OLI_TIRS_TOA_MOCO] PASSED
../../../../../../local/data0/moved_data/publishablew/torchgeo/torchgeo/tests/models/test_vit.py::TestViTSmall16::test_bands[ViTSmall16_Weights.LANDSAT_OLI_TIRS_TOA_SIMCLR] PASSED
../../../../../../local/data0/moved_data/publishablew/torchgeo/torchgeo/tests/models/test_vit.py::TestViTSmall16::test_bands[ViTSmall16_Weights.LANDSAT_OLI_SR_MOCO] PASSED
../../../../../../local/data0/moved_data/publishablew/torchgeo/torchgeo/tests/models/test_vit.py::TestViTSmall16::test_bands[ViTSmall16_Weights.LANDSAT_OLI_SR_SIMCLR] PASSED
../../../../../../local/data0/moved_data/publishablew/torchgeo/torchgeo/tests/models/test_vit.py::TestViTSmall16::test_bands[ViTSmall16_Weights.SENTINEL2_ALL_DINO] PASSED
../../../../../../local/data0/moved_data/publishablew/torchgeo/torchgeo/tests/models/test_vit.py::TestViTSmall16::test_bands[ViTSmall16_Weights.SENTINEL2_ALL_MOCO] PASSED
../../../../../../local/data0/moved_data/publishablew/torchgeo/torchgeo/tests/models/test_vit.py::TestViTSmall16::test_transforms[ViTSmall16_Weights.LANDSAT_TM_TOA_MOCO] PASSED
../../../../../../local/data0/moved_data/publishablew/torchgeo/torchgeo/tests/models/test_vit.py::TestViTSmall16::test_transforms[ViTSmall16_Weights.LANDSAT_TM_TOA_SIMCLR] PASSED
../../../../../../local/data0/moved_data/publishablew/torchgeo/torchgeo/tests/models/test_vit.py::TestViTSmall16::test_transforms[ViTSmall16_Weights.LANDSAT_ETM_TOA_MOCO] PASSED
../../../../../../local/data0/moved_data/publishablew/torchgeo/torchgeo/tests/models/test_vit.py::TestViTSmall16::test_transforms[ViTSmall16_Weights.LANDSAT_ETM_TOA_SIMCLR] PASSED
../../../../../../local/data0/moved_data/publishablew/torchgeo/torchgeo/tests/models/test_vit.py::TestViTSmall16::test_transforms[ViTSmall16_Weights.LANDSAT_ETM_SR_MOCO] PASSED
../../../../../../local/data0/moved_data/publishablew/torchgeo/torchgeo/tests/models/test_vit.py::TestViTSmall16::test_transforms[ViTSmall16_Weights.LANDSAT_ETM_SR_SIMCLR] PASSED
../../../../../../local/data0/moved_data/publishablew/torchgeo/torchgeo/tests/models/test_vit.py::TestViTSmall16::test_transforms[ViTSmall16_Weights.LANDSAT_OLI_TIRS_TOA_MOCO] PASSED
../../../../../../local/data0/moved_data/publishablew/torchgeo/torchgeo/tests/models/test_vit.py::TestViTSmall16::test_transforms[ViTSmall16_Weights.LANDSAT_OLI_TIRS_TOA_SIMCLR] PASSED
../../../../../../local/data0/moved_data/publishablew/torchgeo/torchgeo/tests/models/test_vit.py::TestViTSmall16::test_transforms[ViTSmall16_Weights.LANDSAT_OLI_SR_MOCO] PASSED
../../../../../../local/data0/moved_data/publishablew/torchgeo/torchgeo/tests/models/test_vit.py::TestViTSmall16::test_transforms[ViTSmall16_Weights.LANDSAT_OLI_SR_SIMCLR] PASSED
../../../../../../local/data0/moved_data/publishablew/torchgeo/torchgeo/tests/models/test_vit.py::TestViTSmall16::test_transforms[ViTSmall16_Weights.SENTINEL2_ALL_DINO] PASSED
../../../../../../local/data0/moved_data/publishablew/torchgeo/torchgeo/tests/models/test_vit.py::TestViTSmall16::test_transforms[ViTSmall16_Weights.SENTINEL2_ALL_MOCO] PASSED

=================================== FAILURES ===================================
___ TestViTSmall16.test_vit_weights[ViTSmall16_Weights.LANDSAT_TM_TOA_MOCO] ____

f = ViTSmall16_Weights.LANDSAT_TM_TOA_MOCO

    def _check_seekable(f) -> bool:
        def raise_err_msg(patterns, e):
            for p in patterns:
                if p in str(e):
                    msg = (
                        str(e)
                        + ". You can only torch.load from a file that is seekable."
                        + " Please pre-load the data into a buffer like io.BytesIO and"
                        + " try to load from it instead."
                    )
                    raise type(e)(msg)
            raise e
    
        try:
>           f.seek(f.tell())
E           AttributeError: 'ViTSmall16_Weights' object has no attribute 'seek'

/local/data0/moved_data/publishablew/torchgeo/torchgeo/venv/lib/python3.11/site-packages/torch/serialization.py:757: AttributeError

During handling of the above exception, another exception occurred:

self = <tests.models.test_vit.TestViTSmall16 object at 0x721188d06250>
mocked_weights = ViTSmall16_Weights.LANDSAT_TM_TOA_MOCO

    def test_vit_weights(self, mocked_weights: WeightsEnum) -> None:
>       vit_small_patch16_224(weights=mocked_weights)

/local/data0/moved_data/publishablew/torchgeo/torchgeo/tests/models/test_vit.py:44: 
_ _ _ _ _ _ _ _ _ _ _ _ _ _ _ _ _ _ _ _ _ _ _ _ _ _ _ _ _ _ _ _ _ _ _ _ _ _ _ _ 
/local/data0/moved_data/publishablew/torchgeo/torchgeo/torchgeo/models/vit.py:36: in vit_small_patch16_224
    return vit_small_patch16_224(weights)
/local/data0/moved_data/publishablew/torchgeo/torchgeo/torchgeo/models/temp.py:24: in vit_small_patch16_224
    state_dict = torch.load(pretrained_weights, map_location='cpu')
/local/data0/moved_data/publishablew/torchgeo/torchgeo/venv/lib/python3.11/site-packages/torch/serialization.py:1319: in load
    with _open_file_like(f, "rb") as opened_file:
/local/data0/moved_data/publishablew/torchgeo/torchgeo/venv/lib/python3.11/site-packages/torch/serialization.py:664: in _open_file_like
    return _open_buffer_reader(name_or_buffer)
/local/data0/moved_data/publishablew/torchgeo/torchgeo/venv/lib/python3.11/site-packages/torch/serialization.py:649: in __init__
    _check_seekable(buffer)
/local/data0/moved_data/publishablew/torchgeo/torchgeo/venv/lib/python3.11/site-packages/torch/serialization.py:760: in _check_seekable
    raise_err_msg(["seek", "tell"], e)
_ _ _ _ _ _ _ _ _ _ _ _ _ _ _ _ _ _ _ _ _ _ _ _ _ _ _ _ _ _ _ _ _ _ _ _ _ _ _ _ 

patterns = ['seek', 'tell']
e = AttributeError("'ViTSmall16_Weights' object has no attribute 'seek'")

    def raise_err_msg(patterns, e):
        for p in patterns:
            if p in str(e):
                msg = (
                    str(e)
                    + ". You can only torch.load from a file that is seekable."
                    + " Please pre-load the data into a buffer like io.BytesIO and"
                    + " try to load from it instead."
                )
>               raise type(e)(msg)
E               AttributeError: 'ViTSmall16_Weights' object has no attribute 'seek'. You can only torch.load from a file that is seekable. Please pre-load the data into a buffer like io.BytesIO and try to load from it instead.

/local/data0/moved_data/publishablew/torchgeo/torchgeo/venv/lib/python3.11/site-packages/torch/serialization.py:753: AttributeError
__ TestViTSmall16.test_vit_weights[ViTSmall16_Weights.LANDSAT_TM_TOA_SIMCLR] ___

f = ViTSmall16_Weights.LANDSAT_TM_TOA_SIMCLR

    def _check_seekable(f) -> bool:
        def raise_err_msg(patterns, e):
            for p in patterns:
                if p in str(e):
                    msg = (
                        str(e)
                        + ". You can only torch.load from a file that is seekable."
                        + " Please pre-load the data into a buffer like io.BytesIO and"
                        + " try to load from it instead."
                    )
                    raise type(e)(msg)
            raise e
    
        try:
>           f.seek(f.tell())
E           AttributeError: 'ViTSmall16_Weights' object has no attribute 'seek'

/local/data0/moved_data/publishablew/torchgeo/torchgeo/venv/lib/python3.11/site-packages/torch/serialization.py:757: AttributeError

During handling of the above exception, another exception occurred:

self = <tests.models.test_vit.TestViTSmall16 object at 0x721188d064d0>
mocked_weights = ViTSmall16_Weights.LANDSAT_TM_TOA_SIMCLR

    def test_vit_weights(self, mocked_weights: WeightsEnum) -> None:
>       vit_small_patch16_224(weights=mocked_weights)

/local/data0/moved_data/publishablew/torchgeo/torchgeo/tests/models/test_vit.py:44: 
_ _ _ _ _ _ _ _ _ _ _ _ _ _ _ _ _ _ _ _ _ _ _ _ _ _ _ _ _ _ _ _ _ _ _ _ _ _ _ _ 
/local/data0/moved_data/publishablew/torchgeo/torchgeo/torchgeo/models/vit.py:36: in vit_small_patch16_224
    return vit_small_patch16_224(weights)
/local/data0/moved_data/publishablew/torchgeo/torchgeo/torchgeo/models/temp.py:24: in vit_small_patch16_224
    state_dict = torch.load(pretrained_weights, map_location='cpu')
/local/data0/moved_data/publishablew/torchgeo/torchgeo/venv/lib/python3.11/site-packages/torch/serialization.py:1319: in load
    with _open_file_like(f, "rb") as opened_file:
/local/data0/moved_data/publishablew/torchgeo/torchgeo/venv/lib/python3.11/site-packages/torch/serialization.py:664: in _open_file_like
    return _open_buffer_reader(name_or_buffer)
/local/data0/moved_data/publishablew/torchgeo/torchgeo/venv/lib/python3.11/site-packages/torch/serialization.py:649: in __init__
    _check_seekable(buffer)
/local/data0/moved_data/publishablew/torchgeo/torchgeo/venv/lib/python3.11/site-packages/torch/serialization.py:760: in _check_seekable
    raise_err_msg(["seek", "tell"], e)
_ _ _ _ _ _ _ _ _ _ _ _ _ _ _ _ _ _ _ _ _ _ _ _ _ _ _ _ _ _ _ _ _ _ _ _ _ _ _ _ 

patterns = ['seek', 'tell']
e = AttributeError("'ViTSmall16_Weights' object has no attribute 'seek'")

    def raise_err_msg(patterns, e):
        for p in patterns:
            if p in str(e):
                msg = (
                    str(e)
                    + ". You can only torch.load from a file that is seekable."
                    + " Please pre-load the data into a buffer like io.BytesIO and"
                    + " try to load from it instead."
                )
>               raise type(e)(msg)
E               AttributeError: 'ViTSmall16_Weights' object has no attribute 'seek'. You can only torch.load from a file that is seekable. Please pre-load the data into a buffer like io.BytesIO and try to load from it instead.

/local/data0/moved_data/publishablew/torchgeo/torchgeo/venv/lib/python3.11/site-packages/torch/serialization.py:753: AttributeError
___ TestViTSmall16.test_vit_weights[ViTSmall16_Weights.LANDSAT_ETM_TOA_MOCO] ___

f = ViTSmall16_Weights.LANDSAT_ETM_TOA_MOCO

    def _check_seekable(f) -> bool:
        def raise_err_msg(patterns, e):
            for p in patterns:
                if p in str(e):
                    msg = (
                        str(e)
                        + ". You can only torch.load from a file that is seekable."
                        + " Please pre-load the data into a buffer like io.BytesIO and"
                        + " try to load from it instead."
                    )
                    raise type(e)(msg)
            raise e
    
        try:
>           f.seek(f.tell())
E           AttributeError: 'ViTSmall16_Weights' object has no attribute 'seek'

/local/data0/moved_data/publishablew/torchgeo/torchgeo/venv/lib/python3.11/site-packages/torch/serialization.py:757: AttributeError

During handling of the above exception, another exception occurred:

self = <tests.models.test_vit.TestViTSmall16 object at 0x721188d06750>
mocked_weights = ViTSmall16_Weights.LANDSAT_ETM_TOA_MOCO

    def test_vit_weights(self, mocked_weights: WeightsEnum) -> None:
>       vit_small_patch16_224(weights=mocked_weights)

/local/data0/moved_data/publishablew/torchgeo/torchgeo/tests/models/test_vit.py:44: 
_ _ _ _ _ _ _ _ _ _ _ _ _ _ _ _ _ _ _ _ _ _ _ _ _ _ _ _ _ _ _ _ _ _ _ _ _ _ _ _ 
/local/data0/moved_data/publishablew/torchgeo/torchgeo/torchgeo/models/vit.py:36: in vit_small_patch16_224
    return vit_small_patch16_224(weights)
/local/data0/moved_data/publishablew/torchgeo/torchgeo/torchgeo/models/temp.py:24: in vit_small_patch16_224
    state_dict = torch.load(pretrained_weights, map_location='cpu')
/local/data0/moved_data/publishablew/torchgeo/torchgeo/venv/lib/python3.11/site-packages/torch/serialization.py:1319: in load
    with _open_file_like(f, "rb") as opened_file:
/local/data0/moved_data/publishablew/torchgeo/torchgeo/venv/lib/python3.11/site-packages/torch/serialization.py:664: in _open_file_like
    return _open_buffer_reader(name_or_buffer)
/local/data0/moved_data/publishablew/torchgeo/torchgeo/venv/lib/python3.11/site-packages/torch/serialization.py:649: in __init__
    _check_seekable(buffer)
/local/data0/moved_data/publishablew/torchgeo/torchgeo/venv/lib/python3.11/site-packages/torch/serialization.py:760: in _check_seekable
    raise_err_msg(["seek", "tell"], e)
_ _ _ _ _ _ _ _ _ _ _ _ _ _ _ _ _ _ _ _ _ _ _ _ _ _ _ _ _ _ _ _ _ _ _ _ _ _ _ _ 

patterns = ['seek', 'tell']
e = AttributeError("'ViTSmall16_Weights' object has no attribute 'seek'")

    def raise_err_msg(patterns, e):
        for p in patterns:
            if p in str(e):
                msg = (
                    str(e)
                    + ". You can only torch.load from a file that is seekable."
                    + " Please pre-load the data into a buffer like io.BytesIO and"
                    + " try to load from it instead."
                )
>               raise type(e)(msg)
E               AttributeError: 'ViTSmall16_Weights' object has no attribute 'seek'. You can only torch.load from a file that is seekable. Please pre-load the data into a buffer like io.BytesIO and try to load from it instead.

/local/data0/moved_data/publishablew/torchgeo/torchgeo/venv/lib/python3.11/site-packages/torch/serialization.py:753: AttributeError
__ TestViTSmall16.test_vit_weights[ViTSmall16_Weights.LANDSAT_ETM_TOA_SIMCLR] __

f = ViTSmall16_Weights.LANDSAT_ETM_TOA_SIMCLR

    def _check_seekable(f) -> bool:
        def raise_err_msg(patterns, e):
            for p in patterns:
                if p in str(e):
                    msg = (
                        str(e)
                        + ". You can only torch.load from a file that is seekable."
                        + " Please pre-load the data into a buffer like io.BytesIO and"
                        + " try to load from it instead."
                    )
                    raise type(e)(msg)
            raise e
    
        try:
>           f.seek(f.tell())
E           AttributeError: 'ViTSmall16_Weights' object has no attribute 'seek'

/local/data0/moved_data/publishablew/torchgeo/torchgeo/venv/lib/python3.11/site-packages/torch/serialization.py:757: AttributeError

During handling of the above exception, another exception occurred:

self = <tests.models.test_vit.TestViTSmall16 object at 0x721188d069d0>
mocked_weights = ViTSmall16_Weights.LANDSAT_ETM_TOA_SIMCLR

    def test_vit_weights(self, mocked_weights: WeightsEnum) -> None:
>       vit_small_patch16_224(weights=mocked_weights)

/local/data0/moved_data/publishablew/torchgeo/torchgeo/tests/models/test_vit.py:44: 
_ _ _ _ _ _ _ _ _ _ _ _ _ _ _ _ _ _ _ _ _ _ _ _ _ _ _ _ _ _ _ _ _ _ _ _ _ _ _ _ 
/local/data0/moved_data/publishablew/torchgeo/torchgeo/torchgeo/models/vit.py:36: in vit_small_patch16_224
    return vit_small_patch16_224(weights)
/local/data0/moved_data/publishablew/torchgeo/torchgeo/torchgeo/models/temp.py:24: in vit_small_patch16_224
    state_dict = torch.load(pretrained_weights, map_location='cpu')
/local/data0/moved_data/publishablew/torchgeo/torchgeo/venv/lib/python3.11/site-packages/torch/serialization.py:1319: in load
    with _open_file_like(f, "rb") as opened_file:
/local/data0/moved_data/publishablew/torchgeo/torchgeo/venv/lib/python3.11/site-packages/torch/serialization.py:664: in _open_file_like
    return _open_buffer_reader(name_or_buffer)
/local/data0/moved_data/publishablew/torchgeo/torchgeo/venv/lib/python3.11/site-packages/torch/serialization.py:649: in __init__
    _check_seekable(buffer)
/local/data0/moved_data/publishablew/torchgeo/torchgeo/venv/lib/python3.11/site-packages/torch/serialization.py:760: in _check_seekable
    raise_err_msg(["seek", "tell"], e)
_ _ _ _ _ _ _ _ _ _ _ _ _ _ _ _ _ _ _ _ _ _ _ _ _ _ _ _ _ _ _ _ _ _ _ _ _ _ _ _ 

patterns = ['seek', 'tell']
e = AttributeError("'ViTSmall16_Weights' object has no attribute 'seek'")

    def raise_err_msg(patterns, e):
        for p in patterns:
            if p in str(e):
                msg = (
                    str(e)
                    + ". You can only torch.load from a file that is seekable."
                    + " Please pre-load the data into a buffer like io.BytesIO and"
                    + " try to load from it instead."
                )
>               raise type(e)(msg)
E               AttributeError: 'ViTSmall16_Weights' object has no attribute 'seek'. You can only torch.load from a file that is seekable. Please pre-load the data into a buffer like io.BytesIO and try to load from it instead.

/local/data0/moved_data/publishablew/torchgeo/torchgeo/venv/lib/python3.11/site-packages/torch/serialization.py:753: AttributeError
___ TestViTSmall16.test_vit_weights[ViTSmall16_Weights.LANDSAT_ETM_SR_MOCO] ____

f = ViTSmall16_Weights.LANDSAT_ETM_SR_MOCO

    def _check_seekable(f) -> bool:
        def raise_err_msg(patterns, e):
            for p in patterns:
                if p in str(e):
                    msg = (
                        str(e)
                        + ". You can only torch.load from a file that is seekable."
                        + " Please pre-load the data into a buffer like io.BytesIO and"
                        + " try to load from it instead."
                    )
                    raise type(e)(msg)
            raise e
    
        try:
>           f.seek(f.tell())
E           AttributeError: 'ViTSmall16_Weights' object has no attribute 'seek'

/local/data0/moved_data/publishablew/torchgeo/torchgeo/venv/lib/python3.11/site-packages/torch/serialization.py:757: AttributeError

During handling of the above exception, another exception occurred:

self = <tests.models.test_vit.TestViTSmall16 object at 0x721188d06c90>
mocked_weights = ViTSmall16_Weights.LANDSAT_ETM_SR_MOCO

    def test_vit_weights(self, mocked_weights: WeightsEnum) -> None:
>       vit_small_patch16_224(weights=mocked_weights)

/local/data0/moved_data/publishablew/torchgeo/torchgeo/tests/models/test_vit.py:44: 
_ _ _ _ _ _ _ _ _ _ _ _ _ _ _ _ _ _ _ _ _ _ _ _ _ _ _ _ _ _ _ _ _ _ _ _ _ _ _ _ 
/local/data0/moved_data/publishablew/torchgeo/torchgeo/torchgeo/models/vit.py:36: in vit_small_patch16_224
    return vit_small_patch16_224(weights)
/local/data0/moved_data/publishablew/torchgeo/torchgeo/torchgeo/models/temp.py:24: in vit_small_patch16_224
    state_dict = torch.load(pretrained_weights, map_location='cpu')
/local/data0/moved_data/publishablew/torchgeo/torchgeo/venv/lib/python3.11/site-packages/torch/serialization.py:1319: in load
    with _open_file_like(f, "rb") as opened_file:
/local/data0/moved_data/publishablew/torchgeo/torchgeo/venv/lib/python3.11/site-packages/torch/serialization.py:664: in _open_file_like
    return _open_buffer_reader(name_or_buffer)
/local/data0/moved_data/publishablew/torchgeo/torchgeo/venv/lib/python3.11/site-packages/torch/serialization.py:649: in __init__
    _check_seekable(buffer)
/local/data0/moved_data/publishablew/torchgeo/torchgeo/venv/lib/python3.11/site-packages/torch/serialization.py:760: in _check_seekable
    raise_err_msg(["seek", "tell"], e)
_ _ _ _ _ _ _ _ _ _ _ _ _ _ _ _ _ _ _ _ _ _ _ _ _ _ _ _ _ _ _ _ _ _ _ _ _ _ _ _ 

patterns = ['seek', 'tell']
e = AttributeError("'ViTSmall16_Weights' object has no attribute 'seek'")

    def raise_err_msg(patterns, e):
        for p in patterns:
            if p in str(e):
                msg = (
                    str(e)
                    + ". You can only torch.load from a file that is seekable."
                    + " Please pre-load the data into a buffer like io.BytesIO and"
                    + " try to load from it instead."
                )
>               raise type(e)(msg)
E               AttributeError: 'ViTSmall16_Weights' object has no attribute 'seek'. You can only torch.load from a file that is seekable. Please pre-load the data into a buffer like io.BytesIO and try to load from it instead.

/local/data0/moved_data/publishablew/torchgeo/torchgeo/venv/lib/python3.11/site-packages/torch/serialization.py:753: AttributeError
__ TestViTSmall16.test_vit_weights[ViTSmall16_Weights.LANDSAT_ETM_SR_SIMCLR] ___

f = ViTSmall16_Weights.LANDSAT_ETM_SR_SIMCLR

    def _check_seekable(f) -> bool:
        def raise_err_msg(patterns, e):
            for p in patterns:
                if p in str(e):
                    msg = (
                        str(e)
                        + ". You can only torch.load from a file that is seekable."
                        + " Please pre-load the data into a buffer like io.BytesIO and"
                        + " try to load from it instead."
                    )
                    raise type(e)(msg)
            raise e
    
        try:
>           f.seek(f.tell())
E           AttributeError: 'ViTSmall16_Weights' object has no attribute 'seek'

/local/data0/moved_data/publishablew/torchgeo/torchgeo/venv/lib/python3.11/site-packages/torch/serialization.py:757: AttributeError

During handling of the above exception, another exception occurred:

self = <tests.models.test_vit.TestViTSmall16 object at 0x721188d06f90>
mocked_weights = ViTSmall16_Weights.LANDSAT_ETM_SR_SIMCLR

    def test_vit_weights(self, mocked_weights: WeightsEnum) -> None:
>       vit_small_patch16_224(weights=mocked_weights)

/local/data0/moved_data/publishablew/torchgeo/torchgeo/tests/models/test_vit.py:44: 
_ _ _ _ _ _ _ _ _ _ _ _ _ _ _ _ _ _ _ _ _ _ _ _ _ _ _ _ _ _ _ _ _ _ _ _ _ _ _ _ 
/local/data0/moved_data/publishablew/torchgeo/torchgeo/torchgeo/models/vit.py:36: in vit_small_patch16_224
    return vit_small_patch16_224(weights)
/local/data0/moved_data/publishablew/torchgeo/torchgeo/torchgeo/models/temp.py:24: in vit_small_patch16_224
    state_dict = torch.load(pretrained_weights, map_location='cpu')
/local/data0/moved_data/publishablew/torchgeo/torchgeo/venv/lib/python3.11/site-packages/torch/serialization.py:1319: in load
    with _open_file_like(f, "rb") as opened_file:
/local/data0/moved_data/publishablew/torchgeo/torchgeo/venv/lib/python3.11/site-packages/torch/serialization.py:664: in _open_file_like
    return _open_buffer_reader(name_or_buffer)
/local/data0/moved_data/publishablew/torchgeo/torchgeo/venv/lib/python3.11/site-packages/torch/serialization.py:649: in __init__
    _check_seekable(buffer)
/local/data0/moved_data/publishablew/torchgeo/torchgeo/venv/lib/python3.11/site-packages/torch/serialization.py:760: in _check_seekable
    raise_err_msg(["seek", "tell"], e)
_ _ _ _ _ _ _ _ _ _ _ _ _ _ _ _ _ _ _ _ _ _ _ _ _ _ _ _ _ _ _ _ _ _ _ _ _ _ _ _ 

patterns = ['seek', 'tell']
e = AttributeError("'ViTSmall16_Weights' object has no attribute 'seek'")

    def raise_err_msg(patterns, e):
        for p in patterns:
            if p in str(e):
                msg = (
                    str(e)
                    + ". You can only torch.load from a file that is seekable."
                    + " Please pre-load the data into a buffer like io.BytesIO and"
                    + " try to load from it instead."
                )
>               raise type(e)(msg)
E               AttributeError: 'ViTSmall16_Weights' object has no attribute 'seek'. You can only torch.load from a file that is seekable. Please pre-load the data into a buffer like io.BytesIO and try to load from it instead.

/local/data0/moved_data/publishablew/torchgeo/torchgeo/venv/lib/python3.11/site-packages/torch/serialization.py:753: AttributeError
_ TestViTSmall16.test_vit_weights[ViTSmall16_Weights.LANDSAT_OLI_TIRS_TOA_MOCO] _

f = ViTSmall16_Weights.LANDSAT_OLI_TIRS_TOA_MOCO

    def _check_seekable(f) -> bool:
        def raise_err_msg(patterns, e):
            for p in patterns:
                if p in str(e):
                    msg = (
                        str(e)
                        + ". You can only torch.load from a file that is seekable."
                        + " Please pre-load the data into a buffer like io.BytesIO and"
                        + " try to load from it instead."
                    )
                    raise type(e)(msg)
            raise e
    
        try:
>           f.seek(f.tell())
E           AttributeError: 'ViTSmall16_Weights' object has no attribute 'seek'

/local/data0/moved_data/publishablew/torchgeo/torchgeo/venv/lib/python3.11/site-packages/torch/serialization.py:757: AttributeError

During handling of the above exception, another exception occurred:

self = <tests.models.test_vit.TestViTSmall16 object at 0x721188d07290>
mocked_weights = ViTSmall16_Weights.LANDSAT_OLI_TIRS_TOA_MOCO

    def test_vit_weights(self, mocked_weights: WeightsEnum) -> None:
>       vit_small_patch16_224(weights=mocked_weights)

/local/data0/moved_data/publishablew/torchgeo/torchgeo/tests/models/test_vit.py:44: 
_ _ _ _ _ _ _ _ _ _ _ _ _ _ _ _ _ _ _ _ _ _ _ _ _ _ _ _ _ _ _ _ _ _ _ _ _ _ _ _ 
/local/data0/moved_data/publishablew/torchgeo/torchgeo/torchgeo/models/vit.py:36: in vit_small_patch16_224
    return vit_small_patch16_224(weights)
/local/data0/moved_data/publishablew/torchgeo/torchgeo/torchgeo/models/temp.py:24: in vit_small_patch16_224
    state_dict = torch.load(pretrained_weights, map_location='cpu')
/local/data0/moved_data/publishablew/torchgeo/torchgeo/venv/lib/python3.11/site-packages/torch/serialization.py:1319: in load
    with _open_file_like(f, "rb") as opened_file:
/local/data0/moved_data/publishablew/torchgeo/torchgeo/venv/lib/python3.11/site-packages/torch/serialization.py:664: in _open_file_like
    return _open_buffer_reader(name_or_buffer)
/local/data0/moved_data/publishablew/torchgeo/torchgeo/venv/lib/python3.11/site-packages/torch/serialization.py:649: in __init__
    _check_seekable(buffer)
/local/data0/moved_data/publishablew/torchgeo/torchgeo/venv/lib/python3.11/site-packages/torch/serialization.py:760: in _check_seekable
    raise_err_msg(["seek", "tell"], e)
_ _ _ _ _ _ _ _ _ _ _ _ _ _ _ _ _ _ _ _ _ _ _ _ _ _ _ _ _ _ _ _ _ _ _ _ _ _ _ _ 

patterns = ['seek', 'tell']
e = AttributeError("'ViTSmall16_Weights' object has no attribute 'seek'")

    def raise_err_msg(patterns, e):
        for p in patterns:
            if p in str(e):
                msg = (
                    str(e)
                    + ". You can only torch.load from a file that is seekable."
                    + " Please pre-load the data into a buffer like io.BytesIO and"
                    + " try to load from it instead."
                )
>               raise type(e)(msg)
E               AttributeError: 'ViTSmall16_Weights' object has no attribute 'seek'. You can only torch.load from a file that is seekable. Please pre-load the data into a buffer like io.BytesIO and try to load from it instead.

/local/data0/moved_data/publishablew/torchgeo/torchgeo/venv/lib/python3.11/site-packages/torch/serialization.py:753: AttributeError
_ TestViTSmall16.test_vit_weights[ViTSmall16_Weights.LANDSAT_OLI_TIRS_TOA_SIMCLR] _

f = ViTSmall16_Weights.LANDSAT_OLI_TIRS_TOA_SIMCLR

    def _check_seekable(f) -> bool:
        def raise_err_msg(patterns, e):
            for p in patterns:
                if p in str(e):
                    msg = (
                        str(e)
                        + ". You can only torch.load from a file that is seekable."
                        + " Please pre-load the data into a buffer like io.BytesIO and"
                        + " try to load from it instead."
                    )
                    raise type(e)(msg)
            raise e
    
        try:
>           f.seek(f.tell())
E           AttributeError: 'ViTSmall16_Weights' object has no attribute 'seek'

/local/data0/moved_data/publishablew/torchgeo/torchgeo/venv/lib/python3.11/site-packages/torch/serialization.py:757: AttributeError

During handling of the above exception, another exception occurred:

self = <tests.models.test_vit.TestViTSmall16 object at 0x721188d07590>
mocked_weights = ViTSmall16_Weights.LANDSAT_OLI_TIRS_TOA_SIMCLR

    def test_vit_weights(self, mocked_weights: WeightsEnum) -> None:
>       vit_small_patch16_224(weights=mocked_weights)

/local/data0/moved_data/publishablew/torchgeo/torchgeo/tests/models/test_vit.py:44: 
_ _ _ _ _ _ _ _ _ _ _ _ _ _ _ _ _ _ _ _ _ _ _ _ _ _ _ _ _ _ _ _ _ _ _ _ _ _ _ _ 
/local/data0/moved_data/publishablew/torchgeo/torchgeo/torchgeo/models/vit.py:36: in vit_small_patch16_224
    return vit_small_patch16_224(weights)
/local/data0/moved_data/publishablew/torchgeo/torchgeo/torchgeo/models/temp.py:24: in vit_small_patch16_224
    state_dict = torch.load(pretrained_weights, map_location='cpu')
/local/data0/moved_data/publishablew/torchgeo/torchgeo/venv/lib/python3.11/site-packages/torch/serialization.py:1319: in load
    with _open_file_like(f, "rb") as opened_file:
/local/data0/moved_data/publishablew/torchgeo/torchgeo/venv/lib/python3.11/site-packages/torch/serialization.py:664: in _open_file_like
    return _open_buffer_reader(name_or_buffer)
/local/data0/moved_data/publishablew/torchgeo/torchgeo/venv/lib/python3.11/site-packages/torch/serialization.py:649: in __init__
    _check_seekable(buffer)
/local/data0/moved_data/publishablew/torchgeo/torchgeo/venv/lib/python3.11/site-packages/torch/serialization.py:760: in _check_seekable
    raise_err_msg(["seek", "tell"], e)
_ _ _ _ _ _ _ _ _ _ _ _ _ _ _ _ _ _ _ _ _ _ _ _ _ _ _ _ _ _ _ _ _ _ _ _ _ _ _ _ 

patterns = ['seek', 'tell']
e = AttributeError("'ViTSmall16_Weights' object has no attribute 'seek'")

    def raise_err_msg(patterns, e):
        for p in patterns:
            if p in str(e):
                msg = (
                    str(e)
                    + ". You can only torch.load from a file that is seekable."
                    + " Please pre-load the data into a buffer like io.BytesIO and"
                    + " try to load from it instead."
                )
>               raise type(e)(msg)
E               AttributeError: 'ViTSmall16_Weights' object has no attribute 'seek'. You can only torch.load from a file that is seekable. Please pre-load the data into a buffer like io.BytesIO and try to load from it instead.

/local/data0/moved_data/publishablew/torchgeo/torchgeo/venv/lib/python3.11/site-packages/torch/serialization.py:753: AttributeError
___ TestViTSmall16.test_vit_weights[ViTSmall16_Weights.LANDSAT_OLI_SR_MOCO] ____

f = ViTSmall16_Weights.LANDSAT_OLI_SR_MOCO

    def _check_seekable(f) -> bool:
        def raise_err_msg(patterns, e):
            for p in patterns:
                if p in str(e):
                    msg = (
                        str(e)
                        + ". You can only torch.load from a file that is seekable."
                        + " Please pre-load the data into a buffer like io.BytesIO and"
                        + " try to load from it instead."
                    )
                    raise type(e)(msg)
            raise e
    
        try:
>           f.seek(f.tell())
E           AttributeError: 'ViTSmall16_Weights' object has no attribute 'seek'

/local/data0/moved_data/publishablew/torchgeo/torchgeo/venv/lib/python3.11/site-packages/torch/serialization.py:757: AttributeError

During handling of the above exception, another exception occurred:

self = <tests.models.test_vit.TestViTSmall16 object at 0x721188d07890>
mocked_weights = ViTSmall16_Weights.LANDSAT_OLI_SR_MOCO

    def test_vit_weights(self, mocked_weights: WeightsEnum) -> None:
>       vit_small_patch16_224(weights=mocked_weights)

/local/data0/moved_data/publishablew/torchgeo/torchgeo/tests/models/test_vit.py:44: 
_ _ _ _ _ _ _ _ _ _ _ _ _ _ _ _ _ _ _ _ _ _ _ _ _ _ _ _ _ _ _ _ _ _ _ _ _ _ _ _ 
/local/data0/moved_data/publishablew/torchgeo/torchgeo/torchgeo/models/vit.py:36: in vit_small_patch16_224
    return vit_small_patch16_224(weights)
/local/data0/moved_data/publishablew/torchgeo/torchgeo/torchgeo/models/temp.py:24: in vit_small_patch16_224
    state_dict = torch.load(pretrained_weights, map_location='cpu')
/local/data0/moved_data/publishablew/torchgeo/torchgeo/venv/lib/python3.11/site-packages/torch/serialization.py:1319: in load
    with _open_file_like(f, "rb") as opened_file:
/local/data0/moved_data/publishablew/torchgeo/torchgeo/venv/lib/python3.11/site-packages/torch/serialization.py:664: in _open_file_like
    return _open_buffer_reader(name_or_buffer)
/local/data0/moved_data/publishablew/torchgeo/torchgeo/venv/lib/python3.11/site-packages/torch/serialization.py:649: in __init__
    _check_seekable(buffer)
/local/data0/moved_data/publishablew/torchgeo/torchgeo/venv/lib/python3.11/site-packages/torch/serialization.py:760: in _check_seekable
    raise_err_msg(["seek", "tell"], e)
_ _ _ _ _ _ _ _ _ _ _ _ _ _ _ _ _ _ _ _ _ _ _ _ _ _ _ _ _ _ _ _ _ _ _ _ _ _ _ _ 

patterns = ['seek', 'tell']
e = AttributeError("'ViTSmall16_Weights' object has no attribute 'seek'")

    def raise_err_msg(patterns, e):
        for p in patterns:
            if p in str(e):
                msg = (
                    str(e)
                    + ". You can only torch.load from a file that is seekable."
                    + " Please pre-load the data into a buffer like io.BytesIO and"
                    + " try to load from it instead."
                )
>               raise type(e)(msg)
E               AttributeError: 'ViTSmall16_Weights' object has no attribute 'seek'. You can only torch.load from a file that is seekable. Please pre-load the data into a buffer like io.BytesIO and try to load from it instead.

/local/data0/moved_data/publishablew/torchgeo/torchgeo/venv/lib/python3.11/site-packages/torch/serialization.py:753: AttributeError
__ TestViTSmall16.test_vit_weights[ViTSmall16_Weights.LANDSAT_OLI_SR_SIMCLR] ___

f = ViTSmall16_Weights.LANDSAT_OLI_SR_SIMCLR

    def _check_seekable(f) -> bool:
        def raise_err_msg(patterns, e):
            for p in patterns:
                if p in str(e):
                    msg = (
                        str(e)
                        + ". You can only torch.load from a file that is seekable."
                        + " Please pre-load the data into a buffer like io.BytesIO and"
                        + " try to load from it instead."
                    )
                    raise type(e)(msg)
            raise e
    
        try:
>           f.seek(f.tell())
E           AttributeError: 'ViTSmall16_Weights' object has no attribute 'seek'

/local/data0/moved_data/publishablew/torchgeo/torchgeo/venv/lib/python3.11/site-packages/torch/serialization.py:757: AttributeError

During handling of the above exception, another exception occurred:

self = <tests.models.test_vit.TestViTSmall16 object at 0x721188d07b50>
mocked_weights = ViTSmall16_Weights.LANDSAT_OLI_SR_SIMCLR

    def test_vit_weights(self, mocked_weights: WeightsEnum) -> None:
>       vit_small_patch16_224(weights=mocked_weights)

/local/data0/moved_data/publishablew/torchgeo/torchgeo/tests/models/test_vit.py:44: 
_ _ _ _ _ _ _ _ _ _ _ _ _ _ _ _ _ _ _ _ _ _ _ _ _ _ _ _ _ _ _ _ _ _ _ _ _ _ _ _ 
/local/data0/moved_data/publishablew/torchgeo/torchgeo/torchgeo/models/vit.py:36: in vit_small_patch16_224
    return vit_small_patch16_224(weights)
/local/data0/moved_data/publishablew/torchgeo/torchgeo/torchgeo/models/temp.py:24: in vit_small_patch16_224
    state_dict = torch.load(pretrained_weights, map_location='cpu')
/local/data0/moved_data/publishablew/torchgeo/torchgeo/venv/lib/python3.11/site-packages/torch/serialization.py:1319: in load
    with _open_file_like(f, "rb") as opened_file:
/local/data0/moved_data/publishablew/torchgeo/torchgeo/venv/lib/python3.11/site-packages/torch/serialization.py:664: in _open_file_like
    return _open_buffer_reader(name_or_buffer)
/local/data0/moved_data/publishablew/torchgeo/torchgeo/venv/lib/python3.11/site-packages/torch/serialization.py:649: in __init__
    _check_seekable(buffer)
/local/data0/moved_data/publishablew/torchgeo/torchgeo/venv/lib/python3.11/site-packages/torch/serialization.py:760: in _check_seekable
    raise_err_msg(["seek", "tell"], e)
_ _ _ _ _ _ _ _ _ _ _ _ _ _ _ _ _ _ _ _ _ _ _ _ _ _ _ _ _ _ _ _ _ _ _ _ _ _ _ _ 

patterns = ['seek', 'tell']
e = AttributeError("'ViTSmall16_Weights' object has no attribute 'seek'")

    def raise_err_msg(patterns, e):
        for p in patterns:
            if p in str(e):
                msg = (
                    str(e)
                    + ". You can only torch.load from a file that is seekable."
                    + " Please pre-load the data into a buffer like io.BytesIO and"
                    + " try to load from it instead."
                )
>               raise type(e)(msg)
E               AttributeError: 'ViTSmall16_Weights' object has no attribute 'seek'. You can only torch.load from a file that is seekable. Please pre-load the data into a buffer like io.BytesIO and try to load from it instead.

/local/data0/moved_data/publishablew/torchgeo/torchgeo/venv/lib/python3.11/site-packages/torch/serialization.py:753: AttributeError
____ TestViTSmall16.test_vit_weights[ViTSmall16_Weights.SENTINEL2_ALL_DINO] ____

f = ViTSmall16_Weights.SENTINEL2_ALL_DINO

    def _check_seekable(f) -> bool:
        def raise_err_msg(patterns, e):
            for p in patterns:
                if p in str(e):
                    msg = (
                        str(e)
                        + ". You can only torch.load from a file that is seekable."
                        + " Please pre-load the data into a buffer like io.BytesIO and"
                        + " try to load from it instead."
                    )
                    raise type(e)(msg)
            raise e
    
        try:
>           f.seek(f.tell())
E           AttributeError: 'ViTSmall16_Weights' object has no attribute 'seek'

/local/data0/moved_data/publishablew/torchgeo/torchgeo/venv/lib/python3.11/site-packages/torch/serialization.py:757: AttributeError

During handling of the above exception, another exception occurred:

self = <tests.models.test_vit.TestViTSmall16 object at 0x721188d07c90>
mocked_weights = ViTSmall16_Weights.SENTINEL2_ALL_DINO

    def test_vit_weights(self, mocked_weights: WeightsEnum) -> None:
>       vit_small_patch16_224(weights=mocked_weights)

/local/data0/moved_data/publishablew/torchgeo/torchgeo/tests/models/test_vit.py:44: 
_ _ _ _ _ _ _ _ _ _ _ _ _ _ _ _ _ _ _ _ _ _ _ _ _ _ _ _ _ _ _ _ _ _ _ _ _ _ _ _ 
/local/data0/moved_data/publishablew/torchgeo/torchgeo/torchgeo/models/vit.py:36: in vit_small_patch16_224
    return vit_small_patch16_224(weights)
/local/data0/moved_data/publishablew/torchgeo/torchgeo/torchgeo/models/temp.py:24: in vit_small_patch16_224
    state_dict = torch.load(pretrained_weights, map_location='cpu')
/local/data0/moved_data/publishablew/torchgeo/torchgeo/venv/lib/python3.11/site-packages/torch/serialization.py:1319: in load
    with _open_file_like(f, "rb") as opened_file:
/local/data0/moved_data/publishablew/torchgeo/torchgeo/venv/lib/python3.11/site-packages/torch/serialization.py:664: in _open_file_like
    return _open_buffer_reader(name_or_buffer)
/local/data0/moved_data/publishablew/torchgeo/torchgeo/venv/lib/python3.11/site-packages/torch/serialization.py:649: in __init__
    _check_seekable(buffer)
/local/data0/moved_data/publishablew/torchgeo/torchgeo/venv/lib/python3.11/site-packages/torch/serialization.py:760: in _check_seekable
    raise_err_msg(["seek", "tell"], e)
_ _ _ _ _ _ _ _ _ _ _ _ _ _ _ _ _ _ _ _ _ _ _ _ _ _ _ _ _ _ _ _ _ _ _ _ _ _ _ _ 

patterns = ['seek', 'tell']
e = AttributeError("'ViTSmall16_Weights' object has no attribute 'seek'")

    def raise_err_msg(patterns, e):
        for p in patterns:
            if p in str(e):
                msg = (
                    str(e)
                    + ". You can only torch.load from a file that is seekable."
                    + " Please pre-load the data into a buffer like io.BytesIO and"
                    + " try to load from it instead."
                )
>               raise type(e)(msg)
E               AttributeError: 'ViTSmall16_Weights' object has no attribute 'seek'. You can only torch.load from a file that is seekable. Please pre-load the data into a buffer like io.BytesIO and try to load from it instead.

/local/data0/moved_data/publishablew/torchgeo/torchgeo/venv/lib/python3.11/site-packages/torch/serialization.py:753: AttributeError
____ TestViTSmall16.test_vit_weights[ViTSmall16_Weights.SENTINEL2_ALL_MOCO] ____

f = ViTSmall16_Weights.SENTINEL2_ALL_MOCO

    def _check_seekable(f) -> bool:
        def raise_err_msg(patterns, e):
            for p in patterns:
                if p in str(e):
                    msg = (
                        str(e)
                        + ". You can only torch.load from a file that is seekable."
                        + " Please pre-load the data into a buffer like io.BytesIO and"
                        + " try to load from it instead."
                    )
                    raise type(e)(msg)
            raise e
    
        try:
>           f.seek(f.tell())
E           AttributeError: 'ViTSmall16_Weights' object has no attribute 'seek'

/local/data0/moved_data/publishablew/torchgeo/torchgeo/venv/lib/python3.11/site-packages/torch/serialization.py:757: AttributeError

During handling of the above exception, another exception occurred:

self = <tests.models.test_vit.TestViTSmall16 object at 0x721188d07ed0>
mocked_weights = ViTSmall16_Weights.SENTINEL2_ALL_MOCO

    def test_vit_weights(self, mocked_weights: WeightsEnum) -> None:
>       vit_small_patch16_224(weights=mocked_weights)

/local/data0/moved_data/publishablew/torchgeo/torchgeo/tests/models/test_vit.py:44: 
_ _ _ _ _ _ _ _ _ _ _ _ _ _ _ _ _ _ _ _ _ _ _ _ _ _ _ _ _ _ _ _ _ _ _ _ _ _ _ _ 
/local/data0/moved_data/publishablew/torchgeo/torchgeo/torchgeo/models/vit.py:36: in vit_small_patch16_224
    return vit_small_patch16_224(weights)
/local/data0/moved_data/publishablew/torchgeo/torchgeo/torchgeo/models/temp.py:24: in vit_small_patch16_224
    state_dict = torch.load(pretrained_weights, map_location='cpu')
/local/data0/moved_data/publishablew/torchgeo/torchgeo/venv/lib/python3.11/site-packages/torch/serialization.py:1319: in load
    with _open_file_like(f, "rb") as opened_file:
/local/data0/moved_data/publishablew/torchgeo/torchgeo/venv/lib/python3.11/site-packages/torch/serialization.py:664: in _open_file_like
    return _open_buffer_reader(name_or_buffer)
/local/data0/moved_data/publishablew/torchgeo/torchgeo/venv/lib/python3.11/site-packages/torch/serialization.py:649: in __init__
    _check_seekable(buffer)
/local/data0/moved_data/publishablew/torchgeo/torchgeo/venv/lib/python3.11/site-packages/torch/serialization.py:760: in _check_seekable
    raise_err_msg(["seek", "tell"], e)
_ _ _ _ _ _ _ _ _ _ _ _ _ _ _ _ _ _ _ _ _ _ _ _ _ _ _ _ _ _ _ _ _ _ _ _ _ _ _ _ 

patterns = ['seek', 'tell']
e = AttributeError("'ViTSmall16_Weights' object has no attribute 'seek'")

    def raise_err_msg(patterns, e):
        for p in patterns:
            if p in str(e):
                msg = (
                    str(e)
                    + ". You can only torch.load from a file that is seekable."
                    + " Please pre-load the data into a buffer like io.BytesIO and"
                    + " try to load from it instead."
                )
>               raise type(e)(msg)
E               AttributeError: 'ViTSmall16_Weights' object has no attribute 'seek'. You can only torch.load from a file that is seekable. Please pre-load the data into a buffer like io.BytesIO and try to load from it instead.

/local/data0/moved_data/publishablew/torchgeo/torchgeo/venv/lib/python3.11/site-packages/torch/serialization.py:753: AttributeError
=========================== short test summary info ============================
FAILED ../../../../../../local/data0/moved_data/publishablew/torchgeo/torchgeo/tests/models/test_vit.py::TestViTSmall16::test_vit_weights[ViTSmall16_Weights.LANDSAT_TM_TOA_MOCO]
FAILED ../../../../../../local/data0/moved_data/publishablew/torchgeo/torchgeo/tests/models/test_vit.py::TestViTSmall16::test_vit_weights[ViTSmall16_Weights.LANDSAT_TM_TOA_SIMCLR]
FAILED ../../../../../../local/data0/moved_data/publishablew/torchgeo/torchgeo/tests/models/test_vit.py::TestViTSmall16::test_vit_weights[ViTSmall16_Weights.LANDSAT_ETM_TOA_MOCO]
FAILED ../../../../../../local/data0/moved_data/publishablew/torchgeo/torchgeo/tests/models/test_vit.py::TestViTSmall16::test_vit_weights[ViTSmall16_Weights.LANDSAT_ETM_TOA_SIMCLR]
FAILED ../../../../../../local/data0/moved_data/publishablew/torchgeo/torchgeo/tests/models/test_vit.py::TestViTSmall16::test_vit_weights[ViTSmall16_Weights.LANDSAT_ETM_SR_MOCO]
FAILED ../../../../../../local/data0/moved_data/publishablew/torchgeo/torchgeo/tests/models/test_vit.py::TestViTSmall16::test_vit_weights[ViTSmall16_Weights.LANDSAT_ETM_SR_SIMCLR]
FAILED ../../../../../../local/data0/moved_data/publishablew/torchgeo/torchgeo/tests/models/test_vit.py::TestViTSmall16::test_vit_weights[ViTSmall16_Weights.LANDSAT_OLI_TIRS_TOA_MOCO]
FAILED ../../../../../../local/data0/moved_data/publishablew/torchgeo/torchgeo/tests/models/test_vit.py::TestViTSmall16::test_vit_weights[ViTSmall16_Weights.LANDSAT_OLI_TIRS_TOA_SIMCLR]
FAILED ../../../../../../local/data0/moved_data/publishablew/torchgeo/torchgeo/tests/models/test_vit.py::TestViTSmall16::test_vit_weights[ViTSmall16_Weights.LANDSAT_OLI_SR_MOCO]
FAILED ../../../../../../local/data0/moved_data/publishablew/torchgeo/torchgeo/tests/models/test_vit.py::TestViTSmall16::test_vit_weights[ViTSmall16_Weights.LANDSAT_OLI_SR_SIMCLR]
FAILED ../../../../../../local/data0/moved_data/publishablew/torchgeo/torchgeo/tests/models/test_vit.py::TestViTSmall16::test_vit_weights[ViTSmall16_Weights.SENTINEL2_ALL_DINO]
FAILED ../../../../../../local/data0/moved_data/publishablew/torchgeo/torchgeo/tests/models/test_vit.py::TestViTSmall16::test_vit_weights[ViTSmall16_Weights.SENTINEL2_ALL_MOCO]
================ 12 failed, 25 passed, 12 deselected in 13.00s =================


Final Test Result:
============================= test session starts ==============================
platform linux -- Python 3.11.10, pytest-8.3.4, pluggy-1.5.0 -- /local/data0/moved_data/publishablew/torchgeo/torchgeo/venv/bin/python
cachedir: .pytest_cache
rootdir: /local/data0/moved_data/publishablew/torchgeo/torchgeo
configfile: pyproject.toml
plugins: hydra-core-1.3.2
collecting ... collected 49 items / 12 deselected / 37 selected

../../../../../../local/data0/moved_data/publishablew/torchgeo/torchgeo/tests/models/test_vit.py::TestViTSmall16::test_vit PASSED
../../../../../../local/data0/moved_data/publishablew/torchgeo/torchgeo/tests/models/test_vit.py::TestViTSmall16::test_vit_weights[ViTSmall16_Weights.LANDSAT_TM_TOA_MOCO] PASSED
../../../../../../local/data0/moved_data/publishablew/torchgeo/torchgeo/tests/models/test_vit.py::TestViTSmall16::test_vit_weights[ViTSmall16_Weights.LANDSAT_TM_TOA_SIMCLR] PASSED
../../../../../../local/data0/moved_data/publishablew/torchgeo/torchgeo/tests/models/test_vit.py::TestViTSmall16::test_vit_weights[ViTSmall16_Weights.LANDSAT_ETM_TOA_MOCO] PASSED
../../../../../../local/data0/moved_data/publishablew/torchgeo/torchgeo/tests/models/test_vit.py::TestViTSmall16::test_vit_weights[ViTSmall16_Weights.LANDSAT_ETM_TOA_SIMCLR] PASSED
../../../../../../local/data0/moved_data/publishablew/torchgeo/torchgeo/tests/models/test_vit.py::TestViTSmall16::test_vit_weights[ViTSmall16_Weights.LANDSAT_ETM_SR_MOCO] PASSED
../../../../../../local/data0/moved_data/publishablew/torchgeo/torchgeo/tests/models/test_vit.py::TestViTSmall16::test_vit_weights[ViTSmall16_Weights.LANDSAT_ETM_SR_SIMCLR] PASSED
../../../../../../local/data0/moved_data/publishablew/torchgeo/torchgeo/tests/models/test_vit.py::TestViTSmall16::test_vit_weights[ViTSmall16_Weights.LANDSAT_OLI_TIRS_TOA_MOCO] PASSED
../../../../../../local/data0/moved_data/publishablew/torchgeo/torchgeo/tests/models/test_vit.py::TestViTSmall16::test_vit_weights[ViTSmall16_Weights.LANDSAT_OLI_TIRS_TOA_SIMCLR] PASSED
../../../../../../local/data0/moved_data/publishablew/torchgeo/torchgeo/tests/models/test_vit.py::TestViTSmall16::test_vit_weights[ViTSmall16_Weights.LANDSAT_OLI_SR_MOCO] PASSED
../../../../../../local/data0/moved_data/publishablew/torchgeo/torchgeo/tests/models/test_vit.py::TestViTSmall16::test_vit_weights[ViTSmall16_Weights.LANDSAT_OLI_SR_SIMCLR] PASSED
../../../../../../local/data0/moved_data/publishablew/torchgeo/torchgeo/tests/models/test_vit.py::TestViTSmall16::test_vit_weights[ViTSmall16_Weights.SENTINEL2_ALL_DINO] PASSED
../../../../../../local/data0/moved_data/publishablew/torchgeo/torchgeo/tests/models/test_vit.py::TestViTSmall16::test_vit_weights[ViTSmall16_Weights.SENTINEL2_ALL_MOCO] PASSED
../../../../../../local/data0/moved_data/publishablew/torchgeo/torchgeo/tests/models/test_vit.py::TestViTSmall16::test_bands[ViTSmall16_Weights.LANDSAT_TM_TOA_MOCO] PASSED
../../../../../../local/data0/moved_data/publishablew/torchgeo/torchgeo/tests/models/test_vit.py::TestViTSmall16::test_bands[ViTSmall16_Weights.LANDSAT_TM_TOA_SIMCLR] PASSED
../../../../../../local/data0/moved_data/publishablew/torchgeo/torchgeo/tests/models/test_vit.py::TestViTSmall16::test_bands[ViTSmall16_Weights.LANDSAT_ETM_TOA_MOCO] PASSED
../../../../../../local/data0/moved_data/publishablew/torchgeo/torchgeo/tests/models/test_vit.py::TestViTSmall16::test_bands[ViTSmall16_Weights.LANDSAT_ETM_TOA_SIMCLR] PASSED
../../../../../../local/data0/moved_data/publishablew/torchgeo/torchgeo/tests/models/test_vit.py::TestViTSmall16::test_bands[ViTSmall16_Weights.LANDSAT_ETM_SR_MOCO] PASSED
../../../../../../local/data0/moved_data/publishablew/torchgeo/torchgeo/tests/models/test_vit.py::TestViTSmall16::test_bands[ViTSmall16_Weights.LANDSAT_ETM_SR_SIMCLR] PASSED
../../../../../../local/data0/moved_data/publishablew/torchgeo/torchgeo/tests/models/test_vit.py::TestViTSmall16::test_bands[ViTSmall16_Weights.LANDSAT_OLI_TIRS_TOA_MOCO] PASSED
../../../../../../local/data0/moved_data/publishablew/torchgeo/torchgeo/tests/models/test_vit.py::TestViTSmall16::test_bands[ViTSmall16_Weights.LANDSAT_OLI_TIRS_TOA_SIMCLR] PASSED
../../../../../../local/data0/moved_data/publishablew/torchgeo/torchgeo/tests/models/test_vit.py::TestViTSmall16::test_bands[ViTSmall16_Weights.LANDSAT_OLI_SR_MOCO] PASSED
../../../../../../local/data0/moved_data/publishablew/torchgeo/torchgeo/tests/models/test_vit.py::TestViTSmall16::test_bands[ViTSmall16_Weights.LANDSAT_OLI_SR_SIMCLR] PASSED
../../../../../../local/data0/moved_data/publishablew/torchgeo/torchgeo/tests/models/test_vit.py::TestViTSmall16::test_bands[ViTSmall16_Weights.SENTINEL2_ALL_DINO] PASSED
../../../../../../local/data0/moved_data/publishablew/torchgeo/torchgeo/tests/models/test_vit.py::TestViTSmall16::test_bands[ViTSmall16_Weights.SENTINEL2_ALL_MOCO] PASSED
../../../../../../local/data0/moved_data/publishablew/torchgeo/torchgeo/tests/models/test_vit.py::TestViTSmall16::test_transforms[ViTSmall16_Weights.LANDSAT_TM_TOA_MOCO] PASSED
../../../../../../local/data0/moved_data/publishablew/torchgeo/torchgeo/tests/models/test_vit.py::TestViTSmall16::test_transforms[ViTSmall16_Weights.LANDSAT_TM_TOA_SIMCLR] PASSED
../../../../../../local/data0/moved_data/publishablew/torchgeo/torchgeo/tests/models/test_vit.py::TestViTSmall16::test_transforms[ViTSmall16_Weights.LANDSAT_ETM_TOA_MOCO] PASSED
../../../../../../local/data0/moved_data/publishablew/torchgeo/torchgeo/tests/models/test_vit.py::TestViTSmall16::test_transforms[ViTSmall16_Weights.LANDSAT_ETM_TOA_SIMCLR] PASSED
../../../../../../local/data0/moved_data/publishablew/torchgeo/torchgeo/tests/models/test_vit.py::TestViTSmall16::test_transforms[ViTSmall16_Weights.LANDSAT_ETM_SR_MOCO] PASSED
../../../../../../local/data0/moved_data/publishablew/torchgeo/torchgeo/tests/models/test_vit.py::TestViTSmall16::test_transforms[ViTSmall16_Weights.LANDSAT_ETM_SR_SIMCLR] PASSED
../../../../../../local/data0/moved_data/publishablew/torchgeo/torchgeo/tests/models/test_vit.py::TestViTSmall16::test_transforms[ViTSmall16_Weights.LANDSAT_OLI_TIRS_TOA_MOCO] PASSED
../../../../../../local/data0/moved_data/publishablew/torchgeo/torchgeo/tests/models/test_vit.py::TestViTSmall16::test_transforms[ViTSmall16_Weights.LANDSAT_OLI_TIRS_TOA_SIMCLR] PASSED
../../../../../../local/data0/moved_data/publishablew/torchgeo/torchgeo/tests/models/test_vit.py::TestViTSmall16::test_transforms[ViTSmall16_Weights.LANDSAT_OLI_SR_MOCO] PASSED
../../../../../../local/data0/moved_data/publishablew/torchgeo/torchgeo/tests/models/test_vit.py::TestViTSmall16::test_transforms[ViTSmall16_Weights.LANDSAT_OLI_SR_SIMCLR] PASSED
../../../../../../local/data0/moved_data/publishablew/torchgeo/torchgeo/tests/models/test_vit.py::TestViTSmall16::test_transforms[ViTSmall16_Weights.SENTINEL2_ALL_DINO] PASSED
../../../../../../local/data0/moved_data/publishablew/torchgeo/torchgeo/tests/models/test_vit.py::TestViTSmall16::test_transforms[ViTSmall16_Weights.SENTINEL2_ALL_MOCO] PASSED

====================== 37 passed, 12 deselected in 12.60s ======================


Initial Result:
============================= test session starts ==============================
platform linux -- Python 3.11.10, pytest-8.3.4, pluggy-1.5.0 -- /local/data0/moved_data/publishablew/torchgeo/torchgeo/venv/bin/python
cachedir: .pytest_cache
rootdir: /local/data0/moved_data/publishablew/torchgeo/torchgeo
configfile: pyproject.toml
plugins: hydra-core-1.3.2
collecting ... collected 49 items / 12 deselected / 37 selected

../../../../../../local/data0/moved_data/publishablew/torchgeo/torchgeo/tests/models/test_vit.py::TestViTSmall16::test_vit PASSED
../../../../../../local/data0/moved_data/publishablew/torchgeo/torchgeo/tests/models/test_vit.py::TestViTSmall16::test_vit_weights[ViTSmall16_Weights.LANDSAT_TM_TOA_MOCO] PASSED
../../../../../../local/data0/moved_data/publishablew/torchgeo/torchgeo/tests/models/test_vit.py::TestViTSmall16::test_vit_weights[ViTSmall16_Weights.LANDSAT_TM_TOA_SIMCLR] PASSED
../../../../../../local/data0/moved_data/publishablew/torchgeo/torchgeo/tests/models/test_vit.py::TestViTSmall16::test_vit_weights[ViTSmall16_Weights.LANDSAT_ETM_TOA_MOCO] PASSED
../../../../../../local/data0/moved_data/publishablew/torchgeo/torchgeo/tests/models/test_vit.py::TestViTSmall16::test_vit_weights[ViTSmall16_Weights.LANDSAT_ETM_TOA_SIMCLR] PASSED
../../../../../../local/data0/moved_data/publishablew/torchgeo/torchgeo/tests/models/test_vit.py::TestViTSmall16::test_vit_weights[ViTSmall16_Weights.LANDSAT_ETM_SR_MOCO] PASSED
../../../../../../local/data0/moved_data/publishablew/torchgeo/torchgeo/tests/models/test_vit.py::TestViTSmall16::test_vit_weights[ViTSmall16_Weights.LANDSAT_ETM_SR_SIMCLR] PASSED
../../../../../../local/data0/moved_data/publishablew/torchgeo/torchgeo/tests/models/test_vit.py::TestViTSmall16::test_vit_weights[ViTSmall16_Weights.LANDSAT_OLI_TIRS_TOA_MOCO] PASSED
../../../../../../local/data0/moved_data/publishablew/torchgeo/torchgeo/tests/models/test_vit.py::TestViTSmall16::test_vit_weights[ViTSmall16_Weights.LANDSAT_OLI_TIRS_TOA_SIMCLR] PASSED
../../../../../../local/data0/moved_data/publishablew/torchgeo/torchgeo/tests/models/test_vit.py::TestViTSmall16::test_vit_weights[ViTSmall16_Weights.LANDSAT_OLI_SR_MOCO] PASSED
../../../../../../local/data0/moved_data/publishablew/torchgeo/torchgeo/tests/models/test_vit.py::TestViTSmall16::test_vit_weights[ViTSmall16_Weights.LANDSAT_OLI_SR_SIMCLR] PASSED
../../../../../../local/data0/moved_data/publishablew/torchgeo/torchgeo/tests/models/test_vit.py::TestViTSmall16::test_vit_weights[ViTSmall16_Weights.SENTINEL2_ALL_DINO] PASSED
../../../../../../local/data0/moved_data/publishablew/torchgeo/torchgeo/tests/models/test_vit.py::TestViTSmall16::test_vit_weights[ViTSmall16_Weights.SENTINEL2_ALL_MOCO] PASSED
../../../../../../local/data0/moved_data/publishablew/torchgeo/torchgeo/tests/models/test_vit.py::TestViTSmall16::test_bands[ViTSmall16_Weights.LANDSAT_TM_TOA_MOCO] PASSED
../../../../../../local/data0/moved_data/publishablew/torchgeo/torchgeo/tests/models/test_vit.py::TestViTSmall16::test_bands[ViTSmall16_Weights.LANDSAT_TM_TOA_SIMCLR] PASSED
../../../../../../local/data0/moved_data/publishablew/torchgeo/torchgeo/tests/models/test_vit.py::TestViTSmall16::test_bands[ViTSmall16_Weights.LANDSAT_ETM_TOA_MOCO] PASSED
../../../../../../local/data0/moved_data/publishablew/torchgeo/torchgeo/tests/models/test_vit.py::TestViTSmall16::test_bands[ViTSmall16_Weights.LANDSAT_ETM_TOA_SIMCLR] PASSED
../../../../../../local/data0/moved_data/publishablew/torchgeo/torchgeo/tests/models/test_vit.py::TestViTSmall16::test_bands[ViTSmall16_Weights.LANDSAT_ETM_SR_MOCO] PASSED
../../../../../../local/data0/moved_data/publishablew/torchgeo/torchgeo/tests/models/test_vit.py::TestViTSmall16::test_bands[ViTSmall16_Weights.LANDSAT_ETM_SR_SIMCLR] PASSED
../../../../../../local/data0/moved_data/publishablew/torchgeo/torchgeo/tests/models/test_vit.py::TestViTSmall16::test_bands[ViTSmall16_Weights.LANDSAT_OLI_TIRS_TOA_MOCO] PASSED
../../../../../../local/data0/moved_data/publishablew/torchgeo/torchgeo/tests/models/test_vit.py::TestViTSmall16::test_bands[ViTSmall16_Weights.LANDSAT_OLI_TIRS_TOA_SIMCLR] PASSED
../../../../../../local/data0/moved_data/publishablew/torchgeo/torchgeo/tests/models/test_vit.py::TestViTSmall16::test_bands[ViTSmall16_Weights.LANDSAT_OLI_SR_MOCO] PASSED
../../../../../../local/data0/moved_data/publishablew/torchgeo/torchgeo/tests/models/test_vit.py::TestViTSmall16::test_bands[ViTSmall16_Weights.LANDSAT_OLI_SR_SIMCLR] PASSED
../../../../../../local/data0/moved_data/publishablew/torchgeo/torchgeo/tests/models/test_vit.py::TestViTSmall16::test_bands[ViTSmall16_Weights.SENTINEL2_ALL_DINO] PASSED
../../../../../../local/data0/moved_data/publishablew/torchgeo/torchgeo/tests/models/test_vit.py::TestViTSmall16::test_bands[ViTSmall16_Weights.SENTINEL2_ALL_MOCO] PASSED
../../../../../../local/data0/moved_data/publishablew/torchgeo/torchgeo/tests/models/test_vit.py::TestViTSmall16::test_transforms[ViTSmall16_Weights.LANDSAT_TM_TOA_MOCO] PASSED
../../../../../../local/data0/moved_data/publishablew/torchgeo/torchgeo/tests/models/test_vit.py::TestViTSmall16::test_transforms[ViTSmall16_Weights.LANDSAT_TM_TOA_SIMCLR] PASSED
../../../../../../local/data0/moved_data/publishablew/torchgeo/torchgeo/tests/models/test_vit.py::TestViTSmall16::test_transforms[ViTSmall16_Weights.LANDSAT_ETM_TOA_MOCO] PASSED
../../../../../../local/data0/moved_data/publishablew/torchgeo/torchgeo/tests/models/test_vit.py::TestViTSmall16::test_transforms[ViTSmall16_Weights.LANDSAT_ETM_TOA_SIMCLR] PASSED
../../../../../../local/data0/moved_data/publishablew/torchgeo/torchgeo/tests/models/test_vit.py::TestViTSmall16::test_transforms[ViTSmall16_Weights.LANDSAT_ETM_SR_MOCO] PASSED
../../../../../../local/data0/moved_data/publishablew/torchgeo/torchgeo/tests/models/test_vit.py::TestViTSmall16::test_transforms[ViTSmall16_Weights.LANDSAT_ETM_SR_SIMCLR] PASSED
../../../../../../local/data0/moved_data/publishablew/torchgeo/torchgeo/tests/models/test_vit.py::TestViTSmall16::test_transforms[ViTSmall16_Weights.LANDSAT_OLI_TIRS_TOA_MOCO] PASSED
../../../../../../local/data0/moved_data/publishablew/torchgeo/torchgeo/tests/models/test_vit.py::TestViTSmall16::test_transforms[ViTSmall16_Weights.LANDSAT_OLI_TIRS_TOA_SIMCLR] PASSED
../../../../../../local/data0/moved_data/publishablew/torchgeo/torchgeo/tests/models/test_vit.py::TestViTSmall16::test_transforms[ViTSmall16_Weights.LANDSAT_OLI_SR_MOCO] PASSED
../../../../../../local/data0/moved_data/publishablew/torchgeo/torchgeo/tests/models/test_vit.py::TestViTSmall16::test_transforms[ViTSmall16_Weights.LANDSAT_OLI_SR_SIMCLR] PASSED
../../../../../../local/data0/moved_data/publishablew/torchgeo/torchgeo/tests/models/test_vit.py::TestViTSmall16::test_transforms[ViTSmall16_Weights.SENTINEL2_ALL_DINO] PASSED
../../../../../../local/data0/moved_data/publishablew/torchgeo/torchgeo/tests/models/test_vit.py::TestViTSmall16::test_transforms[ViTSmall16_Weights.SENTINEL2_ALL_MOCO] PASSED

====================== 37 passed, 12 deselected in 12.99s ======================
