output file:
processed_cleanlabcompute_py48.json
function:
compute_py
Error Cases:

Pass or Failed: 0

Related Failed Test Cases:
{'FAILED ../../../../../../local/data0/moved_data/publishablew/cleanlab/cleanlab/tests/test_latent_algebra.py::test_latent_py_warning', 'FAILED ../../../../../../local/data0/moved_data/publishablew/cleanlab/cleanlab/tests/test_latent_algebra.py::test_latent_py', 'FAILED ../../../../../../local/data0/moved_data/publishablew/cleanlab/cleanlab/tests/test_latent_algebra.py::test_compute_py_method_marginal_true_labels_class_counts_none_error', '../../../../../../local/data0/moved_data/publishablew/cleanlab/cleanlab/tests/test_latent_algebra.py::test_compute_py_err FAILED', '../../../../../../local/data0/moved_data/publishablew/cleanlab/cleanlab/tests/test_latent_algebra.py::test_compute_py_marginal_ps FAILED', '../../../../../../local/data0/moved_data/publishablew/cleanlab/cleanlab/tests/test_latent_algebra.py::test_latent_py_warning FAILED', 'FAILED ../../../../../../local/data0/moved_data/publishablew/cleanlab/cleanlab/tests/test_latent_algebra.py::test_compute_py_err', '../../../../../../local/data0/moved_data/publishablew/cleanlab/cleanlab/tests/test_latent_algebra.py::test_latent_py FAILED', '../../../../../../local/data0/moved_data/publishablew/cleanlab/cleanlab/tests/test_latent_algebra.py::test_compute_py_method_marginal_true_labels_class_counts_none_error FAILED', 'FAILED ../../../../../../local/data0/moved_data/publishablew/cleanlab/cleanlab/tests/test_latent_algebra.py::test_compute_py_marginal_ps'}

All Test Cases On Generated code:
============================= test session starts ==============================
platform linux -- Python 3.11.10, pytest-8.3.4, pluggy-1.5.0 -- /local/data0/moved_data/publishablew/cleanlab/cleanlab/venv/bin/python
cachedir: .pytest_cache
hypothesis profile 'default' -> database=DirectoryBasedExampleDatabase(PosixPath('/home/aliredaq/Desktop/ICSE/src/tester/.hypothesis/examples'))
rootdir: /local/data0/moved_data/publishablew/cleanlab/cleanlab
configfile: pyproject.toml
plugins: hypothesis-6.124.1
collecting ... collected 10 items

../../../../../../local/data0/moved_data/publishablew/cleanlab/cleanlab/tests/test_latent_algebra.py::test_latent_py_ps_inv PASSED
../../../../../../local/data0/moved_data/publishablew/cleanlab/cleanlab/tests/test_latent_algebra.py::test_latent_inv PASSED
../../../../../../local/data0/moved_data/publishablew/cleanlab/cleanlab/tests/test_latent_algebra.py::test_latent_nm PASSED
../../../../../../local/data0/moved_data/publishablew/cleanlab/cleanlab/tests/test_latent_algebra.py::test_latent_py FAILED
../../../../../../local/data0/moved_data/publishablew/cleanlab/cleanlab/tests/test_latent_algebra.py::test_latent_py_warning FAILED
../../../../../../local/data0/moved_data/publishablew/cleanlab/cleanlab/tests/test_latent_algebra.py::test_compute_py_err FAILED
../../../../../../local/data0/moved_data/publishablew/cleanlab/cleanlab/tests/test_latent_algebra.py::test_compute_py_marginal_ps FAILED
../../../../../../local/data0/moved_data/publishablew/cleanlab/cleanlab/tests/test_latent_algebra.py::test_pyx PASSED
../../../../../../local/data0/moved_data/publishablew/cleanlab/cleanlab/tests/test_latent_algebra.py::test_pyx_error PASSED
../../../../../../local/data0/moved_data/publishablew/cleanlab/cleanlab/tests/test_latent_algebra.py::test_compute_py_method_marginal_true_labels_class_counts_none_error FAILED

=================================== FAILURES ===================================
________________________________ test_latent_py ________________________________

    def test_latent_py():
        ps, py, inv = get_latent_py_ps_inv()
>       py2 = latent_algebra.compute_py(ps, nm, inv)

/local/data0/moved_data/publishablew/cleanlab/cleanlab/tests/test_latent_algebra.py:52: 
_ _ _ _ _ _ _ _ _ _ _ _ _ _ _ _ _ _ _ _ _ _ _ _ _ _ _ _ _ _ _ _ _ _ _ _ _ _ _ _ 

ps = array([0.33333333, 0.16666667, 0.5       ])
noise_matrix = array([[1. , 0. , 0.2],
       [0. , 0.7, 0.2],
       [0. , 0.3, 0.6]])
inverse_noise_matrix = array([[5.0000000e-01, 0.0000000e+00, 0.0000000e+00],
       [0.0000000e+00, 4.2003982e-06, 5.9999964e-07],
       [5.0000000e-01, 9.9999580e-01, 9.9999940e-01]])

    def compute_py(ps, noise_matrix, inverse_noise_matrix, *, py_method='cnt', true_labels_class_counts=None) -> np.ndarray:
        from .temp import compute_py
>       return compute_py(ps, noise_matrix, inverse_noise_matrix)
E       TypeError: compute_py() missing 2 required positional arguments: 'py_method' and 'true_labels_class_counts'

/local/data0/moved_data/publishablew/cleanlab/cleanlab/cleanlab/internal/latent_algebra.py:151: TypeError
____________________________ test_latent_py_warning ____________________________

    def test_latent_py_warning():
        ps, py, inv = get_latent_py_ps_inv()
        with pytest.raises(TypeError) as e:
            with pytest.warns(UserWarning) as w:
>               py2 = latent_algebra.compute_py(
                    ps=np.array([[[0.1, 0.3, 0.6]]]),
                    noise_matrix=nm,
                    inverse_noise_matrix=inv,
                )

/local/data0/moved_data/publishablew/cleanlab/cleanlab/tests/test_latent_algebra.py:60: 
_ _ _ _ _ _ _ _ _ _ _ _ _ _ _ _ _ _ _ _ _ _ _ _ _ _ _ _ _ _ _ _ _ _ _ _ _ _ _ _ 

ps = array([[[0.1, 0.3, 0.6]]])
noise_matrix = array([[1. , 0. , 0.2],
       [0. , 0.7, 0.2],
       [0. , 0.3, 0.6]])
inverse_noise_matrix = array([[5.0000000e-01, 0.0000000e+00, 0.0000000e+00],
       [0.0000000e+00, 4.2003982e-06, 5.9999964e-07],
       [5.0000000e-01, 9.9999580e-01, 9.9999940e-01]])

    def compute_py(ps, noise_matrix, inverse_noise_matrix, *, py_method='cnt', true_labels_class_counts=None) -> np.ndarray:
        from .temp import compute_py
>       return compute_py(ps, noise_matrix, inverse_noise_matrix)
E       TypeError: compute_py() missing 2 required positional arguments: 'py_method' and 'true_labels_class_counts'

/local/data0/moved_data/publishablew/cleanlab/cleanlab/cleanlab/internal/latent_algebra.py:151: TypeError

During handling of the above exception, another exception occurred:

    def test_latent_py_warning():
        ps, py, inv = get_latent_py_ps_inv()
        with pytest.raises(TypeError) as e:
>           with pytest.warns(UserWarning) as w:
E           Failed: DID NOT WARN. No warnings of type (<class 'UserWarning'>,) were emitted.
E            Emitted warnings: [].

/local/data0/moved_data/publishablew/cleanlab/cleanlab/tests/test_latent_algebra.py:59: Failed
_____________________________ test_compute_py_err ______________________________

    def test_compute_py_err():
        ps, py, inv = get_latent_py_ps_inv()
        try:
>           py = latent_algebra.compute_py(
                ps=ps,
                noise_matrix=nm,
                inverse_noise_matrix=inv,
                py_method="marginal_ps",
            )

/local/data0/moved_data/publishablew/cleanlab/cleanlab/tests/test_latent_algebra.py:75: 
_ _ _ _ _ _ _ _ _ _ _ _ _ _ _ _ _ _ _ _ _ _ _ _ _ _ _ _ _ _ _ _ _ _ _ _ _ _ _ _ 

ps = array([0.33333333, 0.16666667, 0.5       ])
noise_matrix = array([[1. , 0. , 0.2],
       [0. , 0.7, 0.2],
       [0. , 0.3, 0.6]])
inverse_noise_matrix = array([[5.0000000e-01, 0.0000000e+00, 0.0000000e+00],
       [0.0000000e+00, 4.2003982e-06, 5.9999964e-07],
       [5.0000000e-01, 9.9999580e-01, 9.9999940e-01]])

    def compute_py(ps, noise_matrix, inverse_noise_matrix, *, py_method='cnt', true_labels_class_counts=None) -> np.ndarray:
        from .temp import compute_py
>       return compute_py(ps, noise_matrix, inverse_noise_matrix)
E       TypeError: compute_py() missing 2 required positional arguments: 'py_method' and 'true_labels_class_counts'

/local/data0/moved_data/publishablew/cleanlab/cleanlab/cleanlab/internal/latent_algebra.py:151: TypeError
_________________________ test_compute_py_marginal_ps __________________________

    def test_compute_py_marginal_ps():
        ps, py, inv = get_latent_py_ps_inv()
        cj = nm * ps * len(s)
        true_labels_class_counts = cj.sum(axis=0)
>       py2 = latent_algebra.compute_py(
            ps=ps,
            noise_matrix=nm,
            inverse_noise_matrix=inv,
            py_method="marginal_ps",
            true_labels_class_counts=true_labels_class_counts,
        )

/local/data0/moved_data/publishablew/cleanlab/cleanlab/tests/test_latent_algebra.py:96: 
_ _ _ _ _ _ _ _ _ _ _ _ _ _ _ _ _ _ _ _ _ _ _ _ _ _ _ _ _ _ _ _ _ _ _ _ _ _ _ _ 

ps = array([0.33333333, 0.16666667, 0.5       ])
noise_matrix = array([[1. , 0. , 0.2],
       [0. , 0.7, 0.2],
       [0. , 0.3, 0.6]])
inverse_noise_matrix = array([[5.0000000e-01, 0.0000000e+00, 0.0000000e+00],
       [0.0000000e+00, 4.2003982e-06, 5.9999964e-07],
       [5.0000000e-01, 9.9999580e-01, 9.9999940e-01]])

    def compute_py(ps, noise_matrix, inverse_noise_matrix, *, py_method='cnt', true_labels_class_counts=None) -> np.ndarray:
        from .temp import compute_py
>       return compute_py(ps, noise_matrix, inverse_noise_matrix)
E       TypeError: compute_py() missing 2 required positional arguments: 'py_method' and 'true_labels_class_counts'

/local/data0/moved_data/publishablew/cleanlab/cleanlab/cleanlab/internal/latent_algebra.py:151: TypeError
_____ test_compute_py_method_marginal_true_labels_class_counts_none_error ______

    def test_compute_py_method_marginal_true_labels_class_counts_none_error():
        ps, py, inv = get_latent_py_ps_inv()
        with pytest.raises(ValueError) as e:
>           _ = latent_algebra.compute_py(
                ps=ps,
                noise_matrix=nm,
                inverse_noise_matrix=inv,
                py_method="marginal",
                true_labels_class_counts=None,
            )

/local/data0/moved_data/publishablew/cleanlab/cleanlab/tests/test_latent_algebra.py:135: 
_ _ _ _ _ _ _ _ _ _ _ _ _ _ _ _ _ _ _ _ _ _ _ _ _ _ _ _ _ _ _ _ _ _ _ _ _ _ _ _ 

ps = array([0.33333333, 0.16666667, 0.5       ])
noise_matrix = array([[1. , 0. , 0.2],
       [0. , 0.7, 0.2],
       [0. , 0.3, 0.6]])
inverse_noise_matrix = array([[5.0000000e-01, 0.0000000e+00, 0.0000000e+00],
       [0.0000000e+00, 4.2003982e-06, 5.9999964e-07],
       [5.0000000e-01, 9.9999580e-01, 9.9999940e-01]])

    def compute_py(ps, noise_matrix, inverse_noise_matrix, *, py_method='cnt', true_labels_class_counts=None) -> np.ndarray:
        from .temp import compute_py
>       return compute_py(ps, noise_matrix, inverse_noise_matrix)
E       TypeError: compute_py() missing 2 required positional arguments: 'py_method' and 'true_labels_class_counts'

/local/data0/moved_data/publishablew/cleanlab/cleanlab/cleanlab/internal/latent_algebra.py:151: TypeError
=========================== short test summary info ============================
FAILED ../../../../../../local/data0/moved_data/publishablew/cleanlab/cleanlab/tests/test_latent_algebra.py::test_latent_py
FAILED ../../../../../../local/data0/moved_data/publishablew/cleanlab/cleanlab/tests/test_latent_algebra.py::test_latent_py_warning
FAILED ../../../../../../local/data0/moved_data/publishablew/cleanlab/cleanlab/tests/test_latent_algebra.py::test_compute_py_err
FAILED ../../../../../../local/data0/moved_data/publishablew/cleanlab/cleanlab/tests/test_latent_algebra.py::test_compute_py_marginal_ps
FAILED ../../../../../../local/data0/moved_data/publishablew/cleanlab/cleanlab/tests/test_latent_algebra.py::test_compute_py_method_marginal_true_labels_class_counts_none_error
========================= 5 failed, 5 passed in 0.67s ==========================


Final Test Result:
============================= test session starts ==============================
platform linux -- Python 3.11.10, pytest-8.3.4, pluggy-1.5.0 -- /local/data0/moved_data/publishablew/cleanlab/cleanlab/venv/bin/python
cachedir: .pytest_cache
hypothesis profile 'default' -> database=DirectoryBasedExampleDatabase(PosixPath('/home/aliredaq/Desktop/ICSE/src/tester/.hypothesis/examples'))
rootdir: /local/data0/moved_data/publishablew/cleanlab/cleanlab
configfile: pyproject.toml
plugins: hypothesis-6.124.1
collecting ... collected 10 items

../../../../../../local/data0/moved_data/publishablew/cleanlab/cleanlab/tests/test_latent_algebra.py::test_latent_py_ps_inv PASSED
../../../../../../local/data0/moved_data/publishablew/cleanlab/cleanlab/tests/test_latent_algebra.py::test_latent_inv PASSED
../../../../../../local/data0/moved_data/publishablew/cleanlab/cleanlab/tests/test_latent_algebra.py::test_latent_nm PASSED
../../../../../../local/data0/moved_data/publishablew/cleanlab/cleanlab/tests/test_latent_algebra.py::test_latent_py PASSED
../../../../../../local/data0/moved_data/publishablew/cleanlab/cleanlab/tests/test_latent_algebra.py::test_latent_py_warning PASSED
../../../../../../local/data0/moved_data/publishablew/cleanlab/cleanlab/tests/test_latent_algebra.py::test_compute_py_err PASSED
../../../../../../local/data0/moved_data/publishablew/cleanlab/cleanlab/tests/test_latent_algebra.py::test_compute_py_marginal_ps PASSED
../../../../../../local/data0/moved_data/publishablew/cleanlab/cleanlab/tests/test_latent_algebra.py::test_pyx PASSED
../../../../../../local/data0/moved_data/publishablew/cleanlab/cleanlab/tests/test_latent_algebra.py::test_pyx_error PASSED
../../../../../../local/data0/moved_data/publishablew/cleanlab/cleanlab/tests/test_latent_algebra.py::test_compute_py_method_marginal_true_labels_class_counts_none_error PASSED

============================== 10 passed in 0.57s ==============================


Initial Result:
============================= test session starts ==============================
platform linux -- Python 3.11.10, pytest-8.3.4, pluggy-1.5.0 -- /local/data0/moved_data/publishablew/cleanlab/cleanlab/venv/bin/python
cachedir: .pytest_cache
hypothesis profile 'default' -> database=DirectoryBasedExampleDatabase(PosixPath('/home/aliredaq/Desktop/ICSE/src/tester/.hypothesis/examples'))
rootdir: /local/data0/moved_data/publishablew/cleanlab/cleanlab
configfile: pyproject.toml
plugins: hypothesis-6.124.1
collecting ... collected 10 items

../../../../../../local/data0/moved_data/publishablew/cleanlab/cleanlab/tests/test_latent_algebra.py::test_latent_py_ps_inv PASSED
../../../../../../local/data0/moved_data/publishablew/cleanlab/cleanlab/tests/test_latent_algebra.py::test_latent_inv PASSED
../../../../../../local/data0/moved_data/publishablew/cleanlab/cleanlab/tests/test_latent_algebra.py::test_latent_nm PASSED
../../../../../../local/data0/moved_data/publishablew/cleanlab/cleanlab/tests/test_latent_algebra.py::test_latent_py PASSED
../../../../../../local/data0/moved_data/publishablew/cleanlab/cleanlab/tests/test_latent_algebra.py::test_latent_py_warning PASSED
../../../../../../local/data0/moved_data/publishablew/cleanlab/cleanlab/tests/test_latent_algebra.py::test_compute_py_err PASSED
../../../../../../local/data0/moved_data/publishablew/cleanlab/cleanlab/tests/test_latent_algebra.py::test_compute_py_marginal_ps PASSED
../../../../../../local/data0/moved_data/publishablew/cleanlab/cleanlab/tests/test_latent_algebra.py::test_pyx PASSED
../../../../../../local/data0/moved_data/publishablew/cleanlab/cleanlab/tests/test_latent_algebra.py::test_pyx_error PASSED
../../../../../../local/data0/moved_data/publishablew/cleanlab/cleanlab/tests/test_latent_algebra.py::test_compute_py_method_marginal_true_labels_class_counts_none_error PASSED

============================== 10 passed in 0.57s ==============================
